
> ease-my-salon@0.1.0 dev
> next dev

   ▲ Next.js 15.2.4
   - Local:        http://localhost:3000
   - Network:      http://192.168.29.207:3000
   - Environments: .env.local

 ✓ Starting...
 ✓ Ready in 1344ms
 ○ Compiling /login ...
 ✓ Compiled /login in 2.6s (1179 modules)
 GET /login 200 in 2985ms
 ✓ Compiled in 318ms (507 modules)
 ✓ Compiled in 340ms (507 modules)
 GET /login 200 in 20ms
 ✓ Compiled in 116ms (507 modules)
 GET /login 200 in 9ms
 ✓ Compiled in 119ms (507 modules)
 GET /login 200 in 24ms
 ✓ Compiled in 146ms (507 modules)
 GET /login 200 in 18ms
 ✓ Compiled in 82ms (507 modules)
 GET /login 200 in 7ms
 ✓ Compiled in 139ms (507 modules)
 GET /login 200 in 21ms
 ✓ Compiled in 97ms (507 modules)
 GET /login 200 in 8ms
 ✓ Compiled in 76ms (507 modules)
 GET /login 200 in 7ms
 ✓ Compiled in 194ms (507 modules)
 GET /login 200 in 23ms
 ✓ Compiled in 99ms (507 modules)
 GET /login 200 in 8ms
 ✓ Compiled in 99ms (507 modules)
 GET /login 200 in 24ms
 ✓ Compiled in 83ms (507 modules)
 GET /login 200 in 20ms
 ✓ Compiled in 192ms (507 modules)
 GET /login 200 in 9ms
 ✓ Compiled in 95ms (507 modules)
 GET /login 200 in 7ms
 ✓ Compiled in 114ms (507 modules)
 GET /login 200 in 20ms
 ✓ Compiled in 163ms (507 modules)
 GET /login 200 in 11ms
 ✓ Compiled in 210ms (507 modules)
 GET /login 200 in 12ms
 ✓ Compiled in 109ms (507 modules)
 GET /login 200 in 10ms
 ✓ Compiled in 173ms (507 modules)
 GET /login 200 in 11ms
 ✓ Compiled in 173ms (507 modules)
 GET /login 200 in 8ms
 ✓ Compiled in 181ms (507 modules)
 GET /login 200 in 21ms
 ✓ Compiled in 69ms (507 modules)
 GET /login 200 in 6ms
 ✓ Compiled in 163ms (507 modules)
 GET /login 200 in 17ms
 ✓ Compiled in 153ms (507 modules)
 GET /login 200 in 13ms
 ✓ Compiled in 153ms (507 modules)
 GET /login 200 in 15ms
 ✓ Compiled in 489ms (507 modules)
 GET /login 200 in 18ms
 ○ Compiling /admin/login ...
 ✓ Compiled /admin/login in 798ms (1193 modules)
 GET /admin/login 200 in 947ms
 GET /login 200 in 138ms
 GET /admin/login 200 in 46ms
 ✓ Compiled in 312ms (512 modules)
 GET /login 200 in 12ms
 GET /admin/login 200 in 17ms
 ✓ Compiled in 314ms (512 modules)
 GET /login 200 in 9ms
 GET /admin/login 200 in 9ms
 ✓ Compiled in 173ms (512 modules)
 GET /login 200 in 8ms
 GET /admin/login 200 in 22ms
 ✓ Compiled in 258ms (512 modules)
 GET /login 200 in 14ms
 GET /admin/login 200 in 23ms
 ○ Compiling /admin ...
 ✓ Compiled /admin in 1233ms (1406 modules)
 GET /admin 200 in 1310ms
 ○ Compiling /admin/businesses/new ...
 ✓ Compiled /admin/businesses/new in 602ms (1434 modules)
 GET /admin/businesses/new 200 in 680ms
 ○ Compiling /admin/businesses ...
 ✓ Compiled /admin/businesses in 1015ms (1452 modules)
 GET /admin/businesses 200 in 1068ms
 ○ Compiling / ...
 ✓ Compiled / in 1766ms (3519 modules)
 GET / 200 in 1897ms
 GET / 200 in 17ms
 ✓ Compiled in 792ms (1663 modules)
 GET / 200 in 39ms
 GET /admin/businesses 200 in 24ms
 ✓ Compiled in 788ms (1663 modules)
 GET / 200 in 30ms
 GET /admin/businesses 200 in 19ms
 ⚠ Fast Refresh had to perform a full reload. Read more: https://nextjs.org/docs/messages/fast-refresh-reload
 ⚠ Fast Refresh had to perform a full reload. Read more: https://nextjs.org/docs/messages/fast-refresh-reload
 ✓ Compiled in 946ms (3519 modules)
 GET /admin/businesses 200 in 456ms
 GET /admin/businesses 200 in 729ms
 GET / 200 in 467ms
 GET / 200 in 742ms
 ✓ Compiled in 763ms (1663 modules)
 ✓ Compiled in 284ms (1663 modules)
 ✓ Compiled in 499ms (1663 modules)
 ○ Compiling /cash-registry ...
 ✓ Compiled /cash-registry in 9.6s (3943 modules)
 GET /cash-registry 200 in 8678ms
 GET /cash-registry 200 in 119ms
 ○ Compiling /clients ...
 ✓ Compiled /clients in 2.8s (4003 modules)
 GET /clients 200 in 3057ms
 ○ Compiling /settings ...
 ✓ Compiled /settings in 740ms (4119 modules)
 GET /settings 200 in 787ms
 ✓ Compiled in 733ms (1963 modules)
 ✓ Compiled in 534ms (1963 modules)
 ✓ Compiled in 185ms (1963 modules)
 ✓ Compiled in 368ms (1963 modules)
 ✓ Compiled in 374ms (1963 modules)
 ✓ Compiled in 264ms (1963 modules)
 ✓ Compiled in 451ms (1963 modules)
 ✓ Compiled in 184ms (1963 modules)
 ✓ Compiled in 465ms (1963 modules)
